Arguments: 
  /Users/Paul/.nvm/versions/node/v16.13.0/bin/node /usr/local/Cellar/yarn/1.22.17/libexec/bin/yarn.js add -D ejs express mocha mochawesom request

PATH: 
  /Users/Paul/.serverless/bin:/Users/Paul/.pyenv/shims:/Users/Paul/.pyenv/bin:/Users/Paul/Qt5.5.0/5.5/clang_64/bin:/usr/local/var/rbenv/shims:/Users/Paul/.nvm/versions/node/v16.13.0/bin:/usr/local/var/rbenv/shims:~/.rbenv/shims:/usr/local/bin:/usr/local/bin:/usr/bin:/bin:/usr/sbin:/sbin:/Library/Apple/usr/bin:/Library/Frameworks/Mono.framework/Versions/Current/Commands:/Applications/Wireshark.app/Contents/MacOS:/Applications/Postgres.app/Contents/Versions/latest/bin

Yarn version: 
  1.22.17

Node version: 
  16.13.0

Platform: 
  darwin x64

Trace: 
  Error: https://registry.yarnpkg.com/mochawesom: Not found
      at Request.params.callback [as _callback] (/usr/local/Cellar/yarn/1.22.17/libexec/lib/cli.js:67029:18)
      at Request.self.callback (/usr/local/Cellar/yarn/1.22.17/libexec/lib/cli.js:140883:22)
      at Request.emit (node:events:390:28)
      at Request.<anonymous> (/usr/local/Cellar/yarn/1.22.17/libexec/lib/cli.js:141855:10)
      at Request.emit (node:events:390:28)
      at IncomingMessage.<anonymous> (/usr/local/Cellar/yarn/1.22.17/libexec/lib/cli.js:141777:12)
      at Object.onceWrapper (node:events:509:28)
      at IncomingMessage.emit (node:events:402:35)
      at endReadableNT (node:internal/streams/readable:1343:12)
      at processTicksAndRejections (node:internal/process/task_queues:83:21)

npm manifest: 
  {
    "name": "nodejs-circleci-template-wmdd-4998-sept-2021",
    "version": "1.0.0",
    "description": "Node CircleCI Demo",
    "main": "index.js",
    "author": "Paul Lam",
    "license": "MIT",
    "private": true
  }

yarn manifest: 
  No manifest

Lockfile: 
  No lockfile
